<?xml version="1.0" encoding="UTF-8"?>
<!-- Generated by org.testng.reporters.JUnitReportReporter -->
<testsuite hostname="mypc-PC" name="Demo1" tests="1" failures="0" timestamp="23 Jul 2019 18:06:40 GMT" time="8.330" errors="0">
  <testcase name="openGoogleApp" time="8.330" classname="Demo1"/>
</testsuite> <!-- Demo1 -->
